Building DAG of jobs...
Your conda installation is not configured to use strict channel priorities. This is however crucial for having robust and correct environments (for details, see https://conda-forge.org/docs/user/tipsandtricks.html). Please consider to configure strict priorities by executing 'conda config --set channel_priority strict'.
Creating conda environment workflow/envs/picrust2.yml...
Downloading and installing remote packages.
CreateCondaEnvironmentException:
Could not create conda environment from /scratch/Users/maap1300/diet_mouse_cdiff/workflow/envs/picrust2.yml:
Command:
mamba env create --quiet --file "/scratch/Users/maap1300/diet_mouse_cdiff/.snakemake/conda/b0871a91883dc873385967116c7a188e_.yaml" --prefix "/scratch/Users/maap1300/diet_mouse_cdiff/.snakemake/conda/b0871a91883dc873385967116c7a188e_"
Output:

# >>>>>>>>>>>>>>>>>>>>>> ERROR REPORT <<<<<<<<<<<<<<<<<<<<<<

    Traceback (most recent call last):
      File "/Users/maap1300/micromamba/lib/python3.11/site-packages/conda/exceptions.py", line 1132, in __call__
        return func(*args, **kwargs)
               ^^^^^^^^^^^^^^^^^^^^^
      File "/Users/maap1300/micromamba/lib/python3.11/site-packages/conda_env/cli/main.py", line 78, in do_call
        exit_code = getattr(module, func_name)(args, parser)
                    ^^^^^^^^^^^^^^^^^^^^^^^^^^^^^^^^^^^^^^^^
      File "/Users/maap1300/micromamba/lib/python3.11/site-packages/conda/notices/core.py", line 121, in wrapper
        return func(*args, **kwargs)
               ^^^^^^^^^^^^^^^^^^^^^
      File "/Users/maap1300/micromamba/lib/python3.11/site-packages/conda_env/cli/main_create.py", line 152, in execute
        result[installer_type] = installer.install(prefix, pkg_specs, args, env)
                                 ^^^^^^^^^^^^^^^^^^^^^^^^^^^^^^^^^^^^^^^^^^^^^^^
      File "/Users/maap1300/micromamba/lib/python3.11/site-packages/mamba/mamba_env.py", line 55, in mamba_install
        index = load_channels(pool, channel_urls, repos, prepend=False)
                ^^^^^^^^^^^^^^^^^^^^^^^^^^^^^^^^^^^^^^^^^^^^^^^^^^^^^^^
      File "/Users/maap1300/micromamba/lib/python3.11/site-packages/mamba/utils.py", line 129, in load_channels
        index = get_index(
                ^^^^^^^^^^
      File "/Users/maap1300/micromamba/lib/python3.11/site-packages/mamba/utils.py", line 110, in get_index
        is_downloaded = dlist.download(api.MAMBA_DOWNLOAD_FAILFAST)
                        ^^^^^^^^^^^^^^^^^^^^^^^^^^^^^^^^^^^^^^^^^^^
    RuntimeError: Multi-download failed. Reason: Transfer finalized, status: 404 [https://conda.anaconda.org/picrust2/noarch/repodata.json] 3109 bytes

`$ /Users/maap1300/micromamba/bin/mamba create --quiet --file /scratch/Users/maap1300/diet_mouse_cdiff/.snakemake/conda/b0871a91883dc873385967116c7a188e_.yaml --prefix /scratch/Users/maap1300/diet_mouse_cdiff/.snakemake/conda/b0871a91883dc873385967116c7a188e_`

  environment variables:
                 CIO_TEST=<not set>
  CONDA_AUTO_UPDATE_CONDA=false
   CONDA_BACKUP_ADDR2LINE=/Users/maap1300/micromamba/envs/R_actual/bin/x86_64-conda-linux-gnu-
                          addr2line
          CONDA_BACKUP_AR=/Users/maap1300/micromamba/envs/R_actual/bin/x86_64-conda-linux-gnu-ar
          CONDA_BACKUP_AS=/Users/maap1300/micromamba/envs/R_actual/bin/x86_64-conda-linux-gnu-as
       CONDA_BACKUP_BUILD=x86_64-conda-linux-gnu
          CONDA_BACKUP_CC=/Users/maap1300/micromamba/envs/R_actual/bin/x86_64-conda-linux-gnu-cc
CONDA_BACKUP_CC_FOR_BUILD=/Users/maap1300/micromamba/envs/R_actual/bin/x86_64-conda-linux-gnu-cc
      CONDA_BACKUP_CFLAGS=-march=nocona -mtune=haswell -ftree-vectorize -fPIC -fstack-protector-
                          strong -fno-plt -O2 -ffunction-sections -pipe -isystem
                          /Users/maap1300/micromamba/envs/R_actual/include -march=nocona
                          -mtune=haswell -ftree-vectorize -fPIC -fstack-protector-strong -fno-
                          plt -O2 -ffunction-sections -pipe -isystem
                          /Users/maap1300/micromamba/envs/R_actual/include
CONDA_BACKUP_CMAKE_PREFIX_PATH=/Users/maap1300/micromamba/envs/R_actual:/Users/maap1300/micromamba/en
                          vs/R_actual/x86_64-conda-linux-gnu/sysroot/usr
CONDA_BACKUP_CONDA_BUILD_SYSROOT=/Users/maap1300/micromamba/envs/R_actual/x86_64-conda-linux-
                          gnu/sysroot
CONDA_BACKUP_CONDA_TOOLCHAIN_BUILD=x86_64-conda-linux-gnu
CONDA_BACKUP_CONDA_TOOLCHAIN_HOST=x86_64-conda-linux-gnu
         CONDA_BACKUP_CPP=/Users/maap1300/micromamba/envs/R_actual/bin/x86_64-conda-linux-gnu-
                          cpp
    CONDA_BACKUP_CPPFLAGS=-DNDEBUG -D_FORTIFY_SOURCE=2 -O2 -isystem
                          /Users/maap1300/micromamba/envs/R_actual/include -DNDEBUG
                          -D_FORTIFY_SOURCE=2 -O2 -isystem
                          /Users/maap1300/micromamba/envs/R_actual/include
         CONDA_BACKUP_CXX=/Users/maap1300/micromamba/envs/R_actual/bin/x86_64-conda-linux-
                          gnu-c++
     CONDA_BACKUP_CXXFILT=/Users/maap1300/micromamba/envs/R_actual/bin/x86_64-conda-linux-
                          gnu-c++filt
    CONDA_BACKUP_CXXFLAGS=-fvisibility-inlines-hidden -fmessage-length=0 -march=nocona
                          -mtune=haswell -ftree-vectorize -fPIC -fstack-protector-strong -fno-
                          plt -O2 -ffunction-sections -pipe -isystem
                          /Users/maap1300/micromamba/envs/R_actual/include -fvisibility-inlines-
                          hidden -fmessage-length=0 -march=nocona -mtune=haswell -ftree-
                          vectorize -fPIC -fstack-protector-strong -fno-plt -O2 -ffunction-
                          sections -pipe -isystem
                          /Users/maap1300/micromamba/envs/R_actual/include
CONDA_BACKUP_CXX_FOR_BUILD=/Users/maap1300/micromamba/envs/R_actual/bin/x86_64-conda-linux-
                          gnu-c++
CONDA_BACKUP_DEBUG_CFLAGS=-march=nocona -mtune=haswell -ftree-vectorize -fPIC -fstack-protector-
                          all -fno-plt -Og -g -Wall -Wextra -fvar-tracking-assignments
                          -ffunction-sections -pipe -isystem
                          /Users/maap1300/micromamba/envs/R_actual/include -march=nocona
                          -mtune=haswell -ftree-vectorize -fPIC -fstack-protector-all -fno-plt
                          -Og -g -Wall -Wextra -fvar-tracking-assignments -ffunction-sections
                          -pipe -isystem /Users/maap1300/micromamba/envs/R_actual/include
CONDA_BACKUP_DEBUG_CPPFLAGS=-D_DEBUG -D_FORTIFY_SOURCE=2 -Og -isystem
                          /Users/maap1300/micromamba/envs/R_actual/include -D_DEBUG
                          -D_FORTIFY_SOURCE=2 -Og -isystem
                          /Users/maap1300/micromamba/envs/R_actual/include
CONDA_BACKUP_DEBUG_CXXFLAGS=-fvisibility-inlines-hidden -fmessage-length=0 -march=nocona
                          -mtune=haswell -ftree-vectorize -fPIC -fstack-protector-all -fno-plt
                          -Og -g -Wall -Wextra -fvar-tracking-assignments -ffunction-sections
                          -pipe -isystem /Users/maap1300/micromamba/envs/R_actual/include
                          -fvisibility-inlines-hidden -fmessage-length=0 -march=nocona
                          -mtune=haswell -ftree-vectorize -fPIC -fstack-protector-all -fno-plt
                          -Og -g -Wall -Wextra -fvar-tracking-assignments -ffunction-sections
                          -pipe -isystem /Users/maap1300/micromamba/envs/R_actual/include
CONDA_BACKUP_DEBUG_FFLAGS=-march=nocona -mtune=haswell -ftree-vectorize -fPIC -fstack-protector-
                          strong -fno-plt -O2 -ffunction-sections -pipe -isystem
                          /Users/maap1300/micromamba/envs/R_actual/include -march=nocona
                          -mtune=haswell -ftree-vectorize -fPIC -fstack-protector-all -fno-plt
                          -Og -g -Wall -Wextra -fcheck=all -fbacktrace -fimplicit-none -fvar-
                          tracking-assignments -ffunction-sections -pipe -march=nocona
                          -mtune=haswell -ftree-vectorize -fPIC -fstack-protector-strong -fno-
                          plt -O2 -ffunction-sections -pipe -isystem
                          /Users/maap1300/micromamba/envs/R_actual/include
CONDA_BACKUP_DEBUG_FORTRANFLAGS=-march=nocona -mtune=haswell -ftree-vectorize -fPIC -fstack-protector-
                          strong -fno-plt -O2 -ffunction-sections -pipe -isystem
                          /Users/maap1300/micromamba/envs/R_actual/include -march=nocona
                          -mtune=haswell -ftree-vectorize -fPIC -fstack-protector-all -fno-plt
                          -Og -g -Wall -Wextra -fcheck=all -fbacktrace -fimplicit-none -fvar-
                          tracking-assignments -ffunction-sections -pipe -march=nocona
                          -mtune=haswell -ftree-vectorize -fPIC -fstack-protector-strong -fno-
                          plt -O2 -ffunction-sections -pipe -isystem
                          /Users/maap1300/micromamba/envs/R_actual/include
     CONDA_BACKUP_ELFEDIT=/Users/maap1300/micromamba/envs/R_actual/bin/x86_64-conda-linux-gnu-
                          elfedit
         CONDA_BACKUP_F77=/Users/maap1300/micromamba/envs/R_actual/bin/x86_64-conda-linux-gnu-
                          gfortran
         CONDA_BACKUP_F90=/Users/maap1300/micromamba/envs/R_actual/bin/x86_64-conda-linux-gnu-
                          gfortran
         CONDA_BACKUP_F95=/Users/maap1300/micromamba/envs/R_actual/bin/x86_64-conda-linux-
                          gnu-f95
          CONDA_BACKUP_FC=/Users/maap1300/micromamba/envs/R_actual/bin/x86_64-conda-linux-gnu-
                          gfortran
CONDA_BACKUP_FC_FOR_BUILD=/Users/maap1300/micromamba/envs/R_actual/bin/x86_64-conda-linux-gnu-
                          gfortran
      CONDA_BACKUP_FFLAGS=-march=nocona -mtune=haswell -ftree-vectorize -fPIC -fstack-protector-
                          strong -fno-plt -O2 -ffunction-sections -pipe -isystem
                          /Users/maap1300/micromamba/envs/R_actual/include -march=nocona
                          -mtune=haswell -ftree-vectorize -fPIC -fstack-protector-strong -fno-
                          plt -O2 -ffunction-sections -pipe -isystem
                          /Users/maap1300/micromamba/envs/R_actual/include
CONDA_BACKUP_FORTRANFLAGS=-march=nocona -mtune=haswell -ftree-vectorize -fPIC -fstack-protector-
                          strong -fno-plt -O2 -ffunction-sections -pipe -isystem
                          /Users/maap1300/micromamba/envs/R_actual/include -march=nocona
                          -mtune=haswell -ftree-vectorize -fPIC -fstack-protector-strong -fno-
                          plt -O2 -ffunction-sections -pipe -isystem
                          /Users/maap1300/micromamba/envs/R_actual/include
         CONDA_BACKUP_GCC=/Users/maap1300/micromamba/envs/R_actual/bin/x86_64-conda-linux-gnu-
                          gcc
      CONDA_BACKUP_GCC_AR=/Users/maap1300/micromamba/envs/R_actual/bin/x86_64-conda-linux-gnu-
                          gcc-ar
      CONDA_BACKUP_GCC_NM=/Users/maap1300/micromamba/envs/R_actual/bin/x86_64-conda-linux-gnu-
                          gcc-nm
  CONDA_BACKUP_GCC_RANLIB=/Users/maap1300/micromamba/envs/R_actual/bin/x86_64-conda-linux-gnu-
                          gcc-ranlib
    CONDA_BACKUP_GFORTRAN=/Users/maap1300/micromamba/envs/R_actual/bin/x86_64-conda-linux-gnu-
                          gfortran
       CONDA_BACKUP_GPROF=/Users/maap1300/micromamba/envs/R_actual/bin/x86_64-conda-linux-gnu-
                          gprof
         CONDA_BACKUP_GXX=/Users/maap1300/micromamba/envs/R_actual/bin/x86_64-conda-linux-
                          gnu-g++
        CONDA_BACKUP_HOST=x86_64-conda-linux-gnu
          CONDA_BACKUP_LD=/Users/maap1300/micromamba/envs/R_actual/bin/x86_64-conda-linux-gnu-ld
     CONDA_BACKUP_LDFLAGS=-Wl,-O2 -Wl,--sort-common -Wl,--as-needed -Wl,-z,relro -Wl,-z,now -Wl,
                          --disable-new-dtags -Wl,--gc-sections -Wl,--allow-shlib-undefined
                          -Wl,-rpath,/Users/maap1300/micromamba/envs/R_actual/lib -Wl,-rpath-
                          link,/Users/maap1300/micromamba/envs/R_actual/lib
                          -L/Users/maap1300/micromamba/envs/R_actual/lib -Wl,-O2 -Wl,--sort-
                          common -Wl,--as-needed -Wl,-z,relro -Wl,-z,now -Wl,--disable-new-dtags
                          -Wl,--gc-sections -Wl,--allow-shlib-undefined
                          -Wl,-rpath,/Users/maap1300/micromamba/envs/R_actual/lib -Wl,-rpath-
                          link,/Users/maap1300/micromamba/envs/R_actual/lib
                          -L/Users/maap1300/micromamba/envs/R_actual/lib
     CONDA_BACKUP_LD_GOLD=/Users/maap1300/micromamba/envs/R_actual/bin/x86_64-conda-linux-gnu-
                          ld.gold
  CONDA_BACKUP_MESON_ARGS=--buildtype release
          CONDA_BACKUP_NM=/Users/maap1300/micromamba/envs/R_actual/bin/x86_64-conda-linux-gnu-nm
     CONDA_BACKUP_OBJCOPY=/Users/maap1300/micromamba/envs/R_actual/bin/x86_64-conda-linux-gnu-
                          objcopy
     CONDA_BACKUP_OBJDUMP=/Users/maap1300/micromamba/envs/R_actual/bin/x86_64-conda-linux-gnu-
                          objdump
      CONDA_BACKUP_RANLIB=/Users/maap1300/micromamba/envs/R_actual/bin/x86_64-conda-linux-gnu-
                          ranlib
     CONDA_BACKUP_READELF=/Users/maap1300/micromamba/envs/R_actual/bin/x86_64-conda-linux-gnu-
                          readelf
        CONDA_BACKUP_SIZE=/Users/maap1300/micromamba/envs/R_actual/bin/x86_64-conda-linux-gnu-
                          size
     CONDA_BACKUP_STRINGS=/Users/maap1300/micromamba/envs/R_actual/bin/x86_64-conda-linux-gnu-
                          strings
       CONDA_BACKUP_STRIP=/Users/maap1300/micromamba/envs/R_actual/bin/x86_64-conda-linux-gnu-
                          strip
CONDA_BACKUP__CONDA_PYTHON_SYSCONFIGDATA_NAME=_sysconfigdata_x86_64_conda_cos6_linux_gnu
 CONDA_BACKUP_build_alias=x86_64-conda-linux-gnu
  CONDA_BACKUP_host_alias=x86_64-conda-linux-gnu
        CONDA_DEFAULT_ENV=base
             CONDA_PREFIX=/Users/maap1300/micromamba
    CONDA_PROMPT_MODIFIER=(base)
               CONDA_ROOT=/Users/maap1300/micromamba
              CONDA_SHLVL=1
           CURL_CA_BUNDLE=<not set>
          LD_LIBRARY_PATH=/opt/slurm-19.05.2/lib64:
               LD_PRELOAD=<not set>
                  MANPATH=/opt/lmod/lmod/share/man::
               MODULEPATH=/opt/lmod/lmod/modulefiles/Linux:/opt/lmod/lmod/modulefiles/Core
                     PATH=/Users/maap1300/micromamba/bin:/Users/maap1300/micromamba/condabin:/op
                          t/slurm-19.05.2/bin:/usr/lib64/qt-
                          3.3/bin:/Users/maap1300/perl5/bin:/usr/local/bin:/usr/bin:/usr/local/s
                          bin:/usr/sbin:/opt/puppetlabs/bin
           QT_PLUGIN_PATH=/usr/lib64/kde4/plugins:/usr/lib/kde4/plugins
       REQUESTS_CA_BUNDLE=<not set>
            SSL_CERT_FILE=<not set>

     active environment : base
    active env location : /Users/maap1300/micromamba
            shell level : 1
       user config file : /Users/maap1300/.condarc
 populated config files : 
          conda version : 23.3.1
    conda-build version : not installed
         python version : 3.11.3.final.0
       virtual packages : __archspec=1=x86_64
                          __glibc=2.17=0
                          __linux=3.10.0=0
                          __unix=0=0
       base environment : /Users/maap1300/micromamba  (writable)
      conda av data dir : /Users/maap1300/micromamba/etc/conda
  conda av metadata url : None
           channel URLs : https://repo.anaconda.com/pkgs/main/linux-64
                          https://repo.anaconda.com/pkgs/main/noarch
                          https://repo.anaconda.com/pkgs/r/linux-64
                          https://repo.anaconda.com/pkgs/r/noarch
          package cache : /Users/maap1300/micromamba/pkgs
                          /Users/maap1300/.conda/pkgs
       envs directories : /Users/maap1300/micromamba/envs
                          /Users/maap1300/.conda/envs
               platform : linux-64
             user-agent : conda/23.3.1 requests/2.31.0 CPython/3.11.3 Linux/3.10.0-1160.80.1.el7.x86_64 centos/7.9.2009 glibc/2.17
                UID:GID : 995317:649
             netrc file : None
           offline mode : False


An unexpected error has occurred. Conda has prepared the above report.


