Building DAG of jobs...
Using shell: /bin/bash
Provided cores: 1 (use --cores to define parallelism)
Rules claiming more threads will be scaled down.
Conda environments: ignored
Job stats:
job                  count    min threads    max threads
-----------------  -------  -------------  -------------
total_sum_scaling        1              1              1
total                    1              1              1

Select jobs to execute...

[Wed Jul 19 11:37:31 2023]
rule total_sum_scaling:
    input: data/misc/euk_filt_mergedDietAim1table_051523-Copy1.qza, data/misc/lactoOnlydna-sequences.fasta
    output: data/qiime/total_sum_scaling.tsv
    jobid: 0
    reason: Missing output files: data/qiime/total_sum_scaling.tsv
    resources: tmpdir=/var/folders/vh/snc3r0gn3mq6dr784ylkrws00000gp/T

[Wed Jul 19 11:37:39 2023]
Finished job 0.
1 of 1 steps (100%) done
Complete log: .snakemake/log/2023-07-19T113730.860050.snakemake.log
