Building DAG of jobs...
Using shell: /bin/bash
Provided cores: 1 (use --cores to define parallelism)
Rules claiming more threads will be scaled down.
Job stats:
job                count    min threads    max threads
---------------  -------  -------------  -------------
alpha_diversity        1              1              1
target                 1              1              1
total                  2              1              1

Select jobs to execute...

[Thu Jul  6 10:37:14 2023]
rule alpha_diversity:
    input: data/misc/processed_metadata.tsv, data/qiime/core_outputs/faith_pd.tsv, data/qiime/core_outputs/shannon_entropy.tsv
    output: plots/faith_pd.pdf, plots/shannon_entropy.pdf
    jobid: 1
    reason: Missing output files: plots/faith_pd.pdf, plots/shannon_entropy.pdf
    resources: tmpdir=/var/folders/vh/snc3r0gn3mq6dr784ylkrws00000gp/T

[Thu Jul  6 10:37:17 2023]
Error in rule alpha_diversity:
    jobid: 1
    input: data/misc/processed_metadata.tsv, data/qiime/core_outputs/faith_pd.tsv, data/qiime/core_outputs/shannon_entropy.tsv
    output: plots/faith_pd.pdf, plots/shannon_entropy.pdf
    shell:
        
        Rscript scripts/alpha_div_plots.R
        
        (one of the commands exited with non-zero exit code; note that snakemake uses bash strict mode!)

Shutting down, this might take some time.
Exiting because a job execution failed. Look above for error message
Complete log: .snakemake/log/2023-07-06T103714.068591.snakemake.log
