Building DAG of jobs...
Using shell: /bin/bash
Provided cores: 1 (use --cores to define parallelism)
Rules claiming more threads will be scaled down.
Job stats:
job                count    min threads    max threads
---------------  -------  -------------  -------------
alpha_diversity        1              1              1
target                 1              1              1
total                  2              1              1

Select jobs to execute...

[Thu Jul  6 10:38:55 2023]
rule alpha_diversity:
    input: data/misc/processed_metadata.tsv, data/qiime/core_outputs/faith_pd.tsv, data/qiime/core_outputs/shannon_entropy.tsv
    output: plots/faith_pd.pdf, plots/shannon_entropy.pdf
    jobid: 1
    reason: Missing output files: plots/faith_pd.pdf, plots/shannon_entropy.pdf
    resources: tmpdir=/var/folders/vh/snc3r0gn3mq6dr784ylkrws00000gp/T

[Thu Jul  6 10:38:58 2023]
Finished job 1.
1 of 2 steps (50%) done
Select jobs to execute...

[Thu Jul  6 10:38:58 2023]
localrule target:
    input: plots/faith_pd.pdf, plots/shannon_entropy.pdf
    jobid: 0
    reason: Input files updated by another job: plots/faith_pd.pdf, plots/shannon_entropy.pdf
    resources: tmpdir=/var/folders/vh/snc3r0gn3mq6dr784ylkrws00000gp/T

[Thu Jul  6 10:38:58 2023]
Finished job 0.
2 of 2 steps (100%) done
Complete log: .snakemake/log/2023-07-06T103855.012734.snakemake.log
