Building DAG of jobs...
Using shell: /bin/bash
Provided cores: 1 (use --cores to define parallelism)
Rules claiming more threads will be scaled down.
Job stats:
job                      count    min threads    max threads
---------------------  -------  -------------  -------------
alpha_diversity_stats        1              1              1
target                       1              1              1
total                        2              1              1

Select jobs to execute...

[Sat Jul  8 15:32:25 2023]
rule alpha_diversity_stats:
    input: data/misc/processed_metadata.tsv, data/qiime/core_outputs/faith_pd.tsv, data/qiime/core_outputs/shannon_entropy.tsv
    output: stats/faith_total_results.tsv, stats/faith_diet_results.tsv, stats/shannon_total_results.tsv, stats/shannon_diet_results.tsv
    jobid: 2
    reason: Updated input files: data/misc/processed_metadata.tsv
    resources: tmpdir=/var/folders/vh/snc3r0gn3mq6dr784ylkrws00000gp/T

[Sat Jul  8 15:32:31 2023]
Finished job 2.
1 of 2 steps (50%) done
Select jobs to execute...

[Sat Jul  8 15:32:31 2023]
localrule target:
    input: plots/faith_pd.pdf, plots/shannon_entropy.pdf, stats/faith_total_results.tsv, stats/faith_diet_results.tsv, stats/shannon_total_results.tsv, stats/shannon_diet_results.tsv
    jobid: 0
    reason: Input files updated by another job: stats/faith_diet_results.tsv, stats/shannon_total_results.tsv, stats/faith_total_results.tsv, stats/shannon_diet_results.tsv
    resources: tmpdir=/var/folders/vh/snc3r0gn3mq6dr784ylkrws00000gp/T

[Sat Jul  8 15:32:31 2023]
Finished job 0.
2 of 2 steps (100%) done
Complete log: .snakemake/log/2023-07-08T153221.317020.snakemake.log
