Building DAG of jobs...
Using shell: /bin/bash
Provided cores: 1 (use --cores to define parallelism)
Rules claiming more threads will be scaled down.
Conda environments: ignored
Job stats:
job             count    min threads    max threads
------------  -------  -------------  -------------
tss_tsv2biom        1              1              1
total               1              1              1

Select jobs to execute...

[Wed Jul 19 11:38:16 2023]
rule tss_tsv2biom:
    input: data/qiime/total_sum_scaling.tsv
    output: data/qiime/total_sum_scaling.biom
    jobid: 0
    reason: Missing output files: data/qiime/total_sum_scaling.biom
    resources: tmpdir=/var/folders/vh/snc3r0gn3mq6dr784ylkrws00000gp/T

[Wed Jul 19 11:38:26 2023]
Finished job 0.
1 of 1 steps (100%) done
Complete log: .snakemake/log/2023-07-19T113816.753236.snakemake.log
