Building DAG of jobs...
Using shell: /bin/bash
Provided cores: 1 (use --cores to define parallelism)
Rules claiming more threads will be scaled down.
Conda environments: ignored
Job stats:
job             count    min threads    max threads
------------  -------  -------------  -------------
tss_biom2qza        1              1              1
total               1              1              1

Select jobs to execute...

[Wed Jul 19 11:39:02 2023]
rule tss_biom2qza:
    input: data/qiime/total_sum_scaling.biom
    output: data/qiime/total_sum_scaling.qza
    jobid: 0
    reason: Missing output files: data/qiime/total_sum_scaling.qza
    resources: tmpdir=/var/folders/vh/snc3r0gn3mq6dr784ylkrws00000gp/T

[Wed Jul 19 11:39:02 2023]
Error in rule tss_biom2qza:
    jobid: 0
    input: data/qiime/total_sum_scaling.biom
    output: data/qiime/total_sum_scaling.qza
    conda-env: /Users/apgarm/projects/diet_mouse_cdiff/.snakemake/conda/64d8884ecc90fc6ac0da74956e4d479f_
    shell:
        
        qiime tools import             --input-path ./data/qiime/total_sum_scaling.biom             --type 'FeatureTable[Frequency]'             --output-path ./data/qiime/total_sum_scaling.qza
        
        (one of the commands exited with non-zero exit code; note that snakemake uses bash strict mode!)

Shutting down, this might take some time.
Exiting because a job execution failed. Look above for error message
Complete log: .snakemake/log/2023-07-19T113901.823936.snakemake.log
