Building DAG of jobs...
Using shell: /bin/bash
Provided cores: 3
Rules claiming more threads will be scaled down.
Conda environments: ignored
Job stats:
job                count    min threads    max threads
---------------  -------  -------------  -------------
alpha_diversity        1              1              1
total                  1              1              1

Select jobs to execute...

[Fri Jun 30 15:26:56 2023]
rule alpha_diversity:
    input: alpha_div_plots.R
    output: plots/faith_pd.pdf, plots/shannon_entropy.pdf
    jobid: 0
    reason: Missing output files: plots/faith_pd.pdf, plots/shannon_entropy.pdf
    resources: tmpdir=/var/folders/vh/snc3r0gn3mq6dr784ylkrws00000gp/T

[Fri Jun 30 15:26:56 2023]
Error in rule alpha_diversity:
    jobid: 0
    input: alpha_div_plots.R
    output: plots/faith_pd.pdf, plots/shannon_entropy.pdf
    conda-env: /Users/apgarm/projects/diet_mouse_cdiff/snakemake/.snakemake/conda/ef34b068c5fe2f0fc1d10cbf65a50ceb_
    shell:
        
        alpha_div_plots.R
        
        (one of the commands exited with non-zero exit code; note that snakemake uses bash strict mode!)

Shutting down, this might take some time.
Exiting because a job execution failed. Look above for error message
Complete log: .snakemake/log/2023-06-30T152656.070700.snakemake.log
